
> dashboard-app@0.1.0 build
> next build

▲ Next.js 16.1.6 (Turbopack)

  Creating an optimized production build ...
✓ Compiled successfully in 4.5s
  Running TypeScript ...
  Collecting page data using 15 workers ...
  Generating static pages using 15 workers (0/11) ...
  Generating static pages using 15 workers (2/11) 
  Generating static pages using 15 workers (5/11) 
  Generating static pages using 15 workers (8/11) 
✓ Generating static pages using 15 workers (11/11) in 1693.6ms
  Finalizing page optimization ...

Route (app)
┌ ○ /
├ ○ /_not-found
├ ○ /about
├ ƒ /api/download
├ ○ /dashboard
├ ○ /download
├ ○ /icon.svg
├ ○ /robots.txt
└ ○ /sitemap.xml


○  (Static)   prerendered as static content
ƒ  (Dynamic)  server-rendered on demand

